GET: Array
(
)

POST: Array
(
)

SESSION: Array
(
    [user] => Array
        (
            [id] => 36
            [email] => adebesindamilare39@gmail.com
            [student_id] => ADS25A00
            [first_name] => DAMILARE
            [last_name] => ADEBESIN
            [Program_of_choice] => BSc in Computer Science
            [semester] => 1
            [level] => 100
            [Nationality] => NG
            [user_type] => admin
            [profile_picture] => Public/assets/img/no-pic.png
            [Date] => 2025-11-21
        )

)

GET: Array
(
)

POST: Array
(
)

SESSION: Array
(
    [user] => Array
        (
            [id] => 36
            [email] => adebesindamilare39@gmail.com
            [student_id] => ADS25A00
            [first_name] => DAMILARE
            [last_name] => ADEBESIN
            [Program_of_choice] => BSc in Computer Science
            [semester] => 1
            [level] => 100
            [Nationality] => NG
            [user_type] => admin
            [profile_picture] => Public/assets/img/no-pic.png
            [Date] => 2025-11-21
        )

)

GET: Array
(
)

SESSION: Array
(
    [user] => Array
        (
            [id] => 36
            [email] => adebesindamilare39@gmail.com
            [student_id] => ADS25A00
            [first_name] => DAMILARE
            [last_name] => ADEBESIN
            [Program_of_choice] => BSc in Computer Science
            [semester] => 1
            [level] => 100
            [Nationality] => NG
            [user_type] => admin
            [profile_picture] => Public/assets/img/no-pic.png
            [Date] => 2025-11-21
        )

)

GET: Array
(
)

SESSION: Array
(
    [user] => Array
        (
            [id] => 36
            [email] => adebesindamilare39@gmail.com
            [student_id] => ADS25A00
            [first_name] => DAMILARE
            [last_name] => ADEBESIN
            [Program_of_choice] => BSc in Computer Science
            [semester] => 1
            [level] => 100
            [Nationality] => NG
            [user_type] => admin
            [profile_picture] => Public/assets/img/no-pic.png
            [Date] => 2025-11-21
        )

)

GET: Array
(
)

SESSION: Array
(
    [user] => Array
        (
            [id] => 36
            [email] => adebesindamilare39@gmail.com
            [student_id] => ADS25A00
            [first_name] => DAMILARE
            [last_name] => ADEBESIN
            [Program_of_choice] => BSc in Computer Science
            [semester] => 1
            [level] => 100
            [Nationality] => NG
            [user_type] => admin
            [profile_picture] => /img/no-pic.png
            [Date] => 2025-11-21
        )

)

GET: Array
(
)

SESSION: Array
(
    [user] => Array
        (
            [id] => 36
            [email] => adebesindamilare39@gmail.com
            [student_id] => ADS25A00
            [first_name] => DAMILARE
            [last_name] => ADEBESIN
            [Program_of_choice] => BSc in Computer Science
            [semester] => 1
            [level] => 100
            [Nationality] => NG
            [user_type] => admin
            [profile_picture] => Public/assets/img/no-pic.png
            [Date] => 2025-11-21
        )

)

GET: Array
(
)

SESSION: Array
(
    [user] => Array
        (
            [id] => 36
            [email] => adebesindamilare39@gmail.com
            [student_id] => ADS25A00
            [first_name] => DAMILARE
            [last_name] => ADEBESIN
            [Program_of_choice] => BSc in Computer Science
            [semester] => 1
            [level] => 100
            [Nationality] => NG
            [user_type] => admin
            [profile_picture] => Public/assets/img/no-pic.png
            [Date] => 2025-11-21
        )

)

GET: Array
(
)

SESSION: Array
(
    [user] => Array
        (
            [id] => 36
            [email] => adebesindamilare39@gmail.com
            [student_id] => ADS25A00
            [first_name] => DAMILARE
            [last_name] => ADEBESIN
            [Program_of_choice] => BSc in Computer Science
            [semester] => 1
            [level] => 100
            [Nationality] => NG
            [user_type] => admin
            [profile_picture] => Public/assets/img/no-pic.png
            [Date] => 2025-11-21
        )

)

